<?xml version="1.0" encoding="UTF-8"?>
<!-- The status level here is for log4j startup, not our loggers -->
<Configuration status="INFO">
    <Appenders>
         <Console name="Console-Appender" target="SYSTEM_OUT">
            <PatternLayout>
                <pattern>[%-5level] %d{yyyy-MM-dd HH:mm:ss.SSS} [%t] %c{1} - %msg%n</pattern>
            </PatternLayout>
        </Console>
    </Appenders>
    <Loggers>
        <Root level="INFO">
            <AppenderRef ref="Console-Appender"/>
        </Root>
        <Logger name="default.config"  level="INFO">
            <AppenderRef ref="Console-Appender"/>
        </Logger>
    </Loggers>
</Configuration>
